C51 COMPILER V9.56.0.0   MUSIC                                                             01/26/2021 18:03:20 PAGE 1   


C51 COMPILER V9.56.0.0, COMPILATION OF MODULE MUSIC
OBJECT MODULE PLACED IN .\Objects\music.obj
COMPILER INVOKED BY: C:\Keil_v5\C51\BIN\C51.EXE music.c LARGE OPTIMIZE(9,SPEED) BROWSE DEBUG OBJECTEXTEND PRINT(.\Listin
                    -gs\music.lst) TABS(2) OBJECT(.\Objects\music.obj)

line level    source

   1          #include "config.h"
   2          uint16_t code table[] = {
   3          659 ,
   4          523 ,
   5          783 ,
   6          195 ,
   7          391 ,
   8          329 ,
   9          440 ,
  10          493 ,
  11          466 ,
  12          880 ,
  13          698 ,
  14          587 ,
  15          130 ,
  16          739 ,
  17          622 ,
  18          261 ,
  19          174 ,
  20          415 ,
  21          1046,
  22          97  ,
  23          246 ,
  24          };
  25          uint8_t code tones [] = {0,0,0,1,0,2,3,1,4,5,6,7,8,6,4,0,2,9,10,2,0,1,11,7,1,4,5,6,7,8,6,4,0,2,9,10,2,0,1,
             -11,7,12,2,13,10,14,15,0,16,17,6,1,15,6,1,11,12,2,13,10,14,3,0,18,18,18,3,12,2,13,10,14,15,0,16,17,6,1,15,6,1,11,12,14,11
             -,1,3,3,12,12,2,13,10,14,15,0,16,17,6,1,15,6,1,11,12,2,13,10,14,3,0,18,18,18,3,12,2,13,10,14,15,0,16,17,6,1,15,6,1,11,12,
             -14,11,1,3,3,12,1,1,1,1,11,0,1,6,4,19,1,1,1,1,11,0,3,12,19,1,1,1,1,11,0,1,6,4,19,0,0,0,1,0,2,3,1,4,5,6,7,8,6,4,0,2,9,10,2
             -,0,1,11,7,1,4,5,6,7,8,6,4,0,2,9,10,2,0,1,11,7,0,1,4,3,17,6,10,16,10,6,15,16,7,9,9,9,2,20,10,0,1,3,6,4,15,3,0,1,4,3,17,6,
             -10,16,10,6,15,16,7,10,10,10,0,11,1,3,12,0,1,4,3,17,6,10,16,10,6,15,16,7,9,9,9,2,20,10,0,1,3,6,4,15,3,0,1,4,3,17,6,10,16,
             -10,6,15,16,7,10,10,10,0,11,1,3,12,1,1,1,1,11,0,1,6,4,19,1,1,1,1,11,0,3,12,19,1,1,1,1,11,0,1,6,4,19,0,0,0,1,0,2,3,0,1,4,3
             -,17,6,10,16,10,6,15,16,7,9,9,9,2,20,10,0,1,3,6,4,15,3,0,1,4,3,17,6,10,16,10,6,15,16,7,10,10,10,0,11,1,3,12,0xff};
  26          uint16_t code delays[] ={53,218,218,53,218,548,548,383,383,383,218,218,53,218,53,218,53,218,53,218,218,53,
             -53,383,383,383,383,218,218,53,218,53,218,53,218,53,218,218,53,53,383,218,53,53,53,53,53,53,53,53,53,53,53,53,53,53,218,5
             -3,53,53,53,53,218,218,53,218,218,218,53,53,53,53,53,53,53,53,53,53,53,53,53,53,218,383,383,383,53,218,218,218,53,53,53,5
             -3,53,53,53,53,53,53,53,53,53,53,218,53,53,53,53,53,218,218,53,218,218,218,53,53,53,53,53,53,53,53,53,53,53,53,53,53,218,
             -383,383,383,53,218,218,53,218,218,53,218,53,218,53,218,218,53,218,218,53,53,53,383,383,218,53,218,218,53,218,53,218,53,2
             -18,218,53,218,218,53,218,548,548,383,383,383,218,218,53,218,53,218,53,218,53,218,218,53,53,383,383,383,383,218,218,53,21
             -8,53,218,53,218,53,218,218,53,53,383,53,218,53,218,218,53,53,53,53,53,53,218,53,218,53,53,53,53,53,53,53,53,53,53,53,218
             -,53,218,53,218,218,53,53,53,53,53,53,218,53,218,53,53,218,53,218,218,548,53,218,53,218,218,53,53,53,53,53,53,218,53,218,
             -53,53,53,53,53,53,53,53,53,53,53,218,53,218,53,218,218,53,53,53,53,53,53,218,53,218,53,53,218,53,218,218,548,53,218,218,
             -53,218,53,218,53,218,218,53,218,218,53,53,53,383,383,218,53,218,218,53,218,53,218,53,218,218,53,218,218,53,218,548,548,5
             -3,218,53,218,218,53,53,53,53,53,53,218,53,218,53,53,53,53,53,53,53,53,53,53,53,218,53,218,53,218,218,53,53,53,53,53,53,2
             -18,53,218,53,53,218,53,218,218, 0xff};
  27          
  28          void beep(uint16_t freq)
  29          {
  30   1        if(settings.volume == 0)return;
  31   1        beeping = 50;
  32   1        P_SW2 |= 0x80;
  33   1        PWMCKS = 0x0f; // PWM 时钟为系统时钟/16
  34   1        PWMC = 1500000/freq; //设置 PWM 周期
  35   1        PWM0T1= PWMC / (30-settings.volume); //输出低电平
  36   1        PWM0T2= 0; //输出高电平
C51 COMPILER V9.56.0.0   MUSIC                                                             01/26/2021 18:03:20 PAGE 2   

  37   1        PWM0CR= 0x80; //使能 PWM0 输出
  38   1        P_SW2 &= 0x7f; 
  39   1        PWMCR = 0x80;
  40   1      }
  41          
  42          void alert()
  43          {
  44   1        beep(3136);
  45   1        delay10ms(50);
  46   1        beep(2637);
  47   1      }
  48          
  49          uint8_t command_mario(COMMAND_ARGS)
  50          {
  51   1        uint16_t i = 0;
  52   1        while(keyUp.pressed == 0);
  53   1        keyUp.pressed = 0;
  54   1        terminal_add_bottom("Started.");
  55   1        keep_screen_on = 1;
  56   1        while(tones[i]!=0xff)
  57   1        {
  58   2          beep(table[tones[i]]);  
  59   2          delay10ms((delays[i]/10) + 8);
  60   2          ++i;
  61   2          sprintf(oled_tmpstr, "pos:%u", i);
  62   2          terminal_modify(0, oled_tmpstr);
  63   2          if(keyUp.pressed == 1)
  64   2          {
  65   3            keyUp.pressed = 0;
  66   3            break;
  67   3          }
  68   2        }
  69   1        terminal_add_bottom("End.");
  70   1        keep_screen_on = 0;
  71   1        return COMMAND_OK;
  72   1      }
*** WARNING C280 IN LINE 49 OF music.c: 'argc': unreferenced local variable
*** WARNING C280 IN LINE 49 OF music.c: 'argv': unreferenced local variable
  73          


MODULE INFORMATION:   STATIC OVERLAYABLE
   CODE SIZE        =    344    ----
   CONSTANT SIZE    =   1216    ----
   XDATA SIZE       =   ----       6
   PDATA SIZE       =   ----    ----
   DATA SIZE        =   ----    ----
   IDATA SIZE       =   ----    ----
   BIT SIZE         =   ----    ----
END OF MODULE INFORMATION.


C51 COMPILATION COMPLETE.  2 WARNING(S),  0 ERROR(S)
