C51 COMPILER V9.56.0.0   SETTINGS                                                          01/26/2021 18:03:20 PAGE 1   


C51 COMPILER V9.56.0.0, COMPILATION OF MODULE SETTINGS
OBJECT MODULE PLACED IN .\Objects\settings.obj
COMPILER INVOKED BY: C:\Keil_v5\C51\BIN\C51.EXE settings.c LARGE OPTIMIZE(9,SPEED) BROWSE DEBUG OBJECTEXTEND PRINT(.\Lis
                    -tings\settings.lst) TABS(2) OBJECT(.\Objects\settings.obj)

line level    source

   1          #include "config.h"
   2          
   3          setting_t settings;
   4          void settings_load()
   5          {
   6   1        flash_read(FLASH_SETTINGS_START, sizeof(settings), (uint8_t *)&settings);
   7   1        if(settings.empty == 0xff)
   8   1        {
   9   2          settings_default();           //…Ë÷√Œ™ø’
  10   2          settings_save();
  11   2        }
  12   1        if(settings.volume == 0xff)settings.volume = 25;
  13   1      }
  14          
  15          void settings_save()
  16          {
  17   1        flash_erase_sector(FLASH_SETTINGS_START);
  18   1        flash_write(FLASH_SETTINGS_START, sizeof(settings), (uint8_t *)&settings);
  19   1      }
  20          
  21          
  22          void settings_default()
  23          {
  24   1        settings.empty = 0;
  25   1        settings.stop_year = 0;
  26   1        settings.stop_month = 1;
  27   1        settings.stop_date = 1;
  28   1        settings.enable_alert = 0;
  29   1        settings.volume = 2;
  30   1      }


MODULE INFORMATION:   STATIC OVERLAYABLE
   CODE SIZE        =    108    ----
   CONSTANT SIZE    =   ----    ----
   XDATA SIZE       =      6    ----
   PDATA SIZE       =   ----    ----
   DATA SIZE        =   ----    ----
   IDATA SIZE       =   ----    ----
   BIT SIZE         =   ----    ----
END OF MODULE INFORMATION.


C51 COMPILATION COMPLETE.  0 WARNING(S),  0 ERROR(S)
